[debug] [2021-09-02T05:58:21.979Z] ----------------------------------------------------------------------
[debug] [2021-09-02T05:58:21.981Z] Command:       /usr/local/bin/node /usr/local/bin/firebase init
[debug] [2021-09-02T05:58:21.981Z] CLI Version:   9.17.0
[debug] [2021-09-02T05:58:21.981Z] Platform:      darwin
[debug] [2021-09-02T05:58:21.981Z] Node Version:  v14.16.1
[debug] [2021-09-02T05:58:21.982Z] Time:          Thu Sep 02 2021 11:28:21 GMT+0530 (India Standard Time)
[debug] [2021-09-02T05:58:21.983Z] ----------------------------------------------------------------------
[debug] 
[debug] [2021-09-02T05:58:21.989Z] > command requires scopes: ["email","openid","https://www.googleapis.com/auth/cloudplatformprojects.readonly","https://www.googleapis.com/auth/firebase","https://www.googleapis.com/auth/cloud-platform"]
[debug] [2021-09-02T05:58:21.989Z] > authorizing via signed-in user (akhildev.adj@gmail.com)
[info] 
     ######## #### ########  ######## ########     ###     ######  ########
     ##        ##  ##     ## ##       ##     ##  ##   ##  ##       ##
     ######    ##  ########  ######   ########  #########  ######  ######
     ##        ##  ##    ##  ##       ##     ## ##     ##       ## ##
     ##       #### ##     ## ######## ########  ##     ##  ######  ########

You're about to initialize a Firebase project in this directory:

  /Users/akku/Documents/ReactJS/celebration

[info] 
=== Project Setup
[info] 
[info] First, let's associate this project directory with a Firebase project.
[info] You can create multiple project aliases by running firebase use --add, 
[info] but for now we'll just set up a default project.
[info] 
[debug] [2021-09-02T05:59:13.167Z] >>> [apiv2][query] GET https://firebase.googleapis.com/v1beta1/projects pageSize=100
[debug] [2021-09-02T05:59:13.781Z] <<< [apiv2][status] GET https://firebase.googleapis.com/v1beta1/projects 200
[debug] [2021-09-02T05:59:13.781Z] <<< [apiv2][body] GET https://firebase.googleapis.com/v1beta1/projects [omitted]
[info] i  Using project celebration-cn (celebration) 
[info] 
=== Hosting Setup
[info] 
[info] Your public directory is the folder (relative to your project directory) that
[info] will contain Hosting assets to be uploaded with firebase deploy. If you
[info] have a build process for your assets, use your build's output directory.
[info] 
[info] ✔  Wrote build/404.html 
[debug] [2021-09-02T05:59:40.879Z] >>> [apiv2][query] GET https://www.gstatic.com/firebasejs/releases.json [none]
[debug] [2021-09-02T05:59:41.075Z] <<< [apiv2][status] GET https://www.gstatic.com/firebasejs/releases.json 200
[debug] [2021-09-02T05:59:41.076Z] <<< [apiv2][body] GET https://www.gstatic.com/firebasejs/releases.json {"current":{"version":"9.0.1","browserURL":"https://www.gstatic.com/firebasejs/9.0.1/firebase.js","packageURL":"https://www.gstatic.com/firebasejs/9.0.1/firebase.tgz"},"live":{"version":"9.0","browserURL":"https://www.gstatic.com/firebasejs/live/9.0/firebase.js","packageURL":"https://www.gstatic.com/firebasejs/live/9.0/firebase.tgz"},"components":{"analytics":"https://www.gstatic.com/firebasejs/9.0.1/firebase-analytics.js","app":"https://www.gstatic.com/firebasejs/9.0.1/firebase-app.js","app-check":"https://www.gstatic.com/firebasejs/9.0.1/firebase-app-check.js","auth":"https://www.gstatic.com/firebasejs/9.0.1/firebase-auth.js","auth/cordova":"https://www.gstatic.com/firebasejs/9.0.1/firebase-auth/cordova.js","auth/react-native":"https://www.gstatic.com/firebasejs/9.0.1/firebase-auth/react-native.js","functions":"https://www.gstatic.com/firebasejs/9.0.1/firebase-functions.js","firestore":"https://www.gstatic.com/firebasejs/9.0.1/firebase-firestore.js","firestore/lite":"https://www.gstatic.com/firebasejs/9.0.1/firebase-firestore/lite.js","storage":"https://www.gstatic.com/firebasejs/9.0.1/firebase-storage.js","performance":"https://www.gstatic.com/firebasejs/9.0.1/firebase-performance.js","remote-config":"https://www.gstatic.com/firebasejs/9.0.1/firebase-remote-config.js","messaging":"https://www.gstatic.com/firebasejs/9.0.1/firebase-messaging.js","messaging/sw":"https://www.gstatic.com/firebasejs/9.0.1/firebase-messaging/sw.js","database":"https://www.gstatic.com/firebasejs/9.0.1/firebase-database.js","firestore.memory":"https://www.gstatic.com/firebasejs/9.0.1/firebase-firestore.memory.js"}}
[info] i  Skipping write of build/index.html 
[info] 
[info] i  Detected a .git folder at /Users/akku/Documents/ReactJS/celebration 
[info] i  Authorizing with GitHub to upload your service account to a GitHub repository's secrets store. 
[info] 
[info] Visit this URL on this device to log in:
[info] https://github.com/login/oauth/authorize?client_id=89cf50f02ac6aaed3484&state=1015794390&redirect_uri=http%3A%2F%2Flocalhost%3A9005&scope=read%3Auser%20repo%20public_repo
[info] 
[info] Waiting for authentication...
[debug] [2021-09-02T05:59:59.916Z] >>> HTTP REQUEST POST https://github.com/login/oauth/access_token  
 {"client_id":"89cf50f02ac6aaed3484","client_secret":"3330d14abc895d9a74d5f17cd7a00711fa2c5bf0","code":"cffbc0dacfcaa09dbf87","redirect_uri":"http://localhost:9005","state":"1015794390"}
[debug] [2021-09-02T06:00:00.353Z] <<< HTTP RESPONSE 200 {"server":"GitHub.com","date":"Thu, 02 Sep 2021 06:00:00 GMT","content-type":"application/json; charset=utf-8","transfer-encoding":"chunked","vary":"X-PJAX, X-PJAX-Container, Accept-Encoding, Accept, X-Requested-With","permissions-policy":"interest-cohort=()","etag":"W/\"a80d30a4a4af9750182cba0316f60b50\"","cache-control":"max-age=0, private, must-revalidate","strict-transport-security":"max-age=31536000; includeSubdomains; preload","x-frame-options":"deny","x-content-type-options":"nosniff","x-xss-protection":"0","referrer-policy":"origin-when-cross-origin, strict-origin-when-cross-origin","expect-ct":"max-age=2592000, report-uri=\"https://api.github.com/_private/browser/errors\"","content-security-policy":"default-src 'none'; base-uri 'self'; block-all-mixed-content; connect-src 'self' uploads.github.com www.githubstatus.com collector.githubapp.com api.github.com github-cloud.s3.amazonaws.com github-production-repository-file-5c1aeb.s3.amazonaws.com github-production-upload-manifest-file-7fdce7.s3.amazonaws.com github-production-user-asset-6210df.s3.amazonaws.com cdn.optimizely.com logx.optimizely.com/v1/events translator.github.com wss://alive.github.com; font-src github.githubassets.com; form-action 'self' github.com gist.github.com; frame-ancestors 'none'; frame-src render.githubusercontent.com viewscreen.githubusercontent.com; img-src 'self' data: github.githubassets.com identicons.github.com collector.githubapp.com github-cloud.s3.amazonaws.com secured-user-images.githubusercontent.com/ *.githubusercontent.com; manifest-src 'self'; media-src 'none'; script-src github.githubassets.com; style-src 'unsafe-inline' github.githubassets.com; worker-src github.com/socket-worker-b05e50fc.js gist.github.com/socket-worker-b05e50fc.js","x-github-request-id":"E048:4486:70C3A1:7D467B:61306860"}
[debug] [2021-09-02T06:00:00.361Z] >>> [apiv2][query] GET https://api.github.com/user [none]
[debug] [2021-09-02T06:00:00.846Z] <<< [apiv2][status] GET https://api.github.com/user 200
[debug] [2021-09-02T06:00:00.846Z] <<< [apiv2][body] GET https://api.github.com/user {"login":"AkkuAkhil","id":38778211,"node_id":"MDQ6VXNlcjM4Nzc4MjEx","avatar_url":"https://avatars.githubusercontent.com/u/38778211?v=4","gravatar_id":"","url":"https://api.github.com/users/AkkuAkhil","html_url":"https://github.com/AkkuAkhil","followers_url":"https://api.github.com/users/AkkuAkhil/followers","following_url":"https://api.github.com/users/AkkuAkhil/following{/other_user}","gists_url":"https://api.github.com/users/AkkuAkhil/gists{/gist_id}","starred_url":"https://api.github.com/users/AkkuAkhil/starred{/owner}{/repo}","subscriptions_url":"https://api.github.com/users/AkkuAkhil/subscriptions","organizations_url":"https://api.github.com/users/AkkuAkhil/orgs","repos_url":"https://api.github.com/users/AkkuAkhil/repos","events_url":"https://api.github.com/users/AkkuAkhil/events{/privacy}","received_events_url":"https://api.github.com/users/AkkuAkhil/received_events","type":"User","site_admin":false,"name":"Akhildev MJ","company":null,"blog":"gridzybe.com/akku","location":null,"email":"akhildev.adj@gmail.com","hireable":null,"bio":"I’m a nomad who dotes to know how technology products profoundly changes human life.I code for good and speak in Kotlin,C,Python,HTML,PHP,CSS,JS,C++,C#,SQL, etc","twitter_username":null,"public_repos":40,"public_gists":1,"followers":0,"following":0,"created_at":"2018-04-27T06:24:30Z","updated_at":"2021-08-05T14:53:53Z","private_gists":0,"total_private_repos":2,"owned_private_repos":2,"disk_usage":59907,"collaborators":0,"two_factor_authentication":false,"plan":{"name":"pro","space":976562499,"collaborators":0,"private_repos":9999}}
[info] 
[info] ✔  Success! Logged into GitHub as AkkuAkhil 
[info] 
[debug] [2021-09-02T06:00:07.676Z] >>> [apiv2][query] GET https://api.github.com/repos//actions/secrets/public-key type=owner
[debug] [2021-09-02T06:00:08.013Z] <<< [apiv2][status] GET https://api.github.com/repos//actions/secrets/public-key 404
[debug] [2021-09-02T06:00:08.013Z] <<< [apiv2][body] GET https://api.github.com/repos//actions/secrets/public-key {"message":"Not Found","documentation_url":"https://docs.github.com/rest"}
